<?xml version="1.0" encoding="UTF-8"?>
<testsuite xmlns:xsi="http://www.w3.org/2001/XMLSchema-instance" xsi:noNamespaceSchemaLocation="https://maven.apache.org/surefire/maven-surefire-plugin/xsd/surefire-test-report.xsd" name="TestSuite" time="55.406" tests="3" errors="0" skipped="0" failures="2">
  <properties>
[...]
</properties>
  <testcase name="loginScreen" classname="mavenProject.MessengerTestScript.MainMessenger" time="19.233">
    <failure message="An element could not be located on the page using the given search parameters. (WARNING: The server did not provide any stacktrace information)&#10;Command duration or timeout: 15.20 seconds&#10;For documentation on this error, please visit: http://seleniumhq.org/exceptions/no_such_element.html&#10;Build info: version: &apos;2.53.1&apos;, revision: &apos;a36b8b1cd5757287168e54b817830adce9b0158d&apos;, time: &apos;2016-06-30 19:26:09&apos;&#10;System info: host: &apos;jemmyj-macbookpro.roam.corp.google.com&apos;, ip: &apos;192.168.0.108&apos;, os.name: &apos;Mac OS X&apos;, os.arch: &apos;x86_64&apos;, os.version: &apos;10.13.6&apos;, java.version: &apos;9.0.1&apos;&#10;Driver info: io.appium.java_client.android.AndroidDriver&#10;Capabilities [{appPackage=com.facebook.orca, deviceScreenSize=1080x1920, networkConnectionEnabled=true, noReset=true, warnings={}, databaseEnabled=false, deviceName=HT445WM01757, fullReset=false, platform=LINUX, deviceUDID=HT445WM01757, appActivity=com.facebook.orca.auth.StartScreenActivity, desired={appPackage=com.facebook.orca, appActivity=com.facebook.orca.auth.StartScreenActivity, noReset=true, platformName=Android, deviceName=030834eed0218526, fullReset=false}, platformVersion=5.0.2, webStorageEnabled=false, locationContextEnabled=false, takesScreenshot=true, javascriptEnabled=true, deviceModel=HTC One_M8, platformName=Android, deviceManufacturer=HTC}]&#10;Session ID: 1b53bd45-bd5b-4805-9042-f7cb898ced31&#10;*** Element info: {Using=id, value=com.facebook.orca:id/login}" type="org.openqa.selenium.NoSuchElementException">org.openqa.selenium.NoSuchElementException: 
An element could not be located on the page using the given search parameters. (WARNING: The server did not provide any stacktrace information)
Command duration or timeout: 15.20 seconds
For documentation on this error, please visit: http://seleniumhq.org/exceptions/no_such_element.html
Build info: version: '2.53.1', revision: 'a36b8b1cd5757287168e54b817830adce9b0158d', time: '2016-06-30 19:26:09'
System info: host: 'jemmyj-macbookpro.roam.corp.google.com', ip: '192.168.0.108', os.name: 'Mac OS X', os.arch: 'x86_64', os.version: '10.13.6', java.version: '9.0.1'
Driver info: io.appium.java_client.android.AndroidDriver
Capabilities [{appPackage=com.facebook.orca, deviceScreenSize=1080x1920, networkConnectionEnabled=true, noReset=true, warnings={}, databaseEnabled=false, deviceName=HT445WM01757, fullReset=false, platform=LINUX, deviceUDID=HT445WM01757, appActivity=com.facebook.orca.auth.StartScreenActivity, desired={appPackage=com.facebook.orca, appActivity=com.facebook.orca.auth.StartScreenActivity, noReset=true, platformName=Android, deviceName=030834eed0218526, fullReset=false}, platformVersion=5.0.2, webStorageEnabled=false, locationContextEnabled=false, takesScreenshot=true, javascriptEnabled=true, deviceModel=HTC One_M8, platformName=Android, deviceManufacturer=HTC}]
Session ID: 1b53bd45-bd5b-4805-9042-f7cb898ced31
*** Element info: {Using=id, value=com.facebook.orca:id/login}
	at mavenProject.MessengerTestScript.MainMessenger.loginScreen(MainMessenger.java:44)
</failure>
    <system-out><![CDATA[ driver AndroidDriver:  on LINUX (1b53bd45-bd5b-4805-9042-f7cb898ced31)
]]></system-out>
  </testcase>
  <testcase name="openMessages" classname="mavenProject.MessengerTestScript.MainMessenger" time="17.4">
    <failure message="An element could not be located on the page using the given search parameters. (WARNING: The server did not provide any stacktrace information)&#10;Command duration or timeout: 15.40 seconds&#10;For documentation on this error, please visit: http://seleniumhq.org/exceptions/no_such_element.html&#10;Build info: version: &apos;2.53.1&apos;, revision: &apos;a36b8b1cd5757287168e54b817830adce9b0158d&apos;, time: &apos;2016-06-30 19:26:09&apos;&#10;System info: host: &apos;jemmyj-macbookpro.roam.corp.google.com&apos;, ip: &apos;192.168.0.108&apos;, os.name: &apos;Mac OS X&apos;, os.arch: &apos;x86_64&apos;, os.version: &apos;10.13.6&apos;, java.version: &apos;9.0.1&apos;&#10;Driver info: io.appium.java_client.android.AndroidDriver&#10;Capabilities [{appPackage=com.facebook.orca, deviceScreenSize=1080x1920, networkConnectionEnabled=true, noReset=true, warnings={}, databaseEnabled=false, deviceName=HT445WM01757, fullReset=false, platform=LINUX, deviceUDID=HT445WM01757, appActivity=com.facebook.orca.auth.StartScreenActivity, desired={appPackage=com.facebook.orca, appActivity=com.facebook.orca.auth.StartScreenActivity, noReset=true, platformName=Android, deviceName=030834eed0218526, fullReset=false}, platformVersion=5.0.2, webStorageEnabled=false, locationContextEnabled=false, takesScreenshot=true, javascriptEnabled=true, deviceModel=HTC One_M8, platformName=Android, deviceManufacturer=HTC}]&#10;Session ID: 1b53bd45-bd5b-4805-9042-f7cb898ced31&#10;*** Element info: {Using=id, value=com.facebook.orca:id/recents_tab}" type="org.openqa.selenium.NoSuchElementException">org.openqa.selenium.NoSuchElementException: 
An element could not be located on the page using the given search parameters. (WARNING: The server did not provide any stacktrace information)
Command duration or timeout: 15.40 seconds
For documentation on this error, please visit: http://seleniumhq.org/exceptions/no_such_element.html
Build info: version: '2.53.1', revision: 'a36b8b1cd5757287168e54b817830adce9b0158d', time: '2016-06-30 19:26:09'
System info: host: 'jemmyj-macbookpro.roam.corp.google.com', ip: '192.168.0.108', os.name: 'Mac OS X', os.arch: 'x86_64', os.version: '10.13.6', java.version: '9.0.1'
Driver info: io.appium.java_client.android.AndroidDriver
Capabilities [{appPackage=com.facebook.orca, deviceScreenSize=1080x1920, networkConnectionEnabled=true, noReset=true, warnings={}, databaseEnabled=false, deviceName=HT445WM01757, fullReset=false, platform=LINUX, deviceUDID=HT445WM01757, appActivity=com.facebook.orca.auth.StartScreenActivity, desired={appPackage=com.facebook.orca, appActivity=com.facebook.orca.auth.StartScreenActivity, noReset=true, platformName=Android, deviceName=030834eed0218526, fullReset=false}, platformVersion=5.0.2, webStorageEnabled=false, locationContextEnabled=false, takesScreenshot=true, javascriptEnabled=true, deviceModel=HTC One_M8, platformName=Android, deviceManufacturer=HTC}]
Session ID: 1b53bd45-bd5b-4805-9042-f7cb898ced31
*** Element info: {Using=id, value=com.facebook.orca:id/recents_tab}
	at mavenProject.MessengerTestScript.MainMessenger.defaultHome(MainMessenger.java:19)
	at mavenProject.MessengerTestScript.MainMessenger.openMessages(MainMessenger.java:97)
</failure>
    <system-out><![CDATA[OPEN ANY MESSAGE
]]></system-out>
  </testcase>
  <testcase name="verifyInbox" classname="mavenProject.MessengerTestScript.MainMessenger" time="6.215"/>
</testsuite>